0 info it worked if it ends with ok
1 verbose cli [ 'C:\\Program Files\\nodejs\\node.exe',
1 verbose cli   'C:\\Program Files\\nodejs\\node_modules\\npm\\bin\\npm-cli.js',
1 verbose cli   'run',
1 verbose cli   'dev' ]
2 info using npm@3.10.8
3 info using node@v6.8.1
4 verbose run-script [ 'predev', 'dev', 'postdev' ]
5 info lifecycle gatsby-starter-dimension@1.0.0~predev: gatsby-starter-dimension@1.0.0
6 silly lifecycle gatsby-starter-dimension@1.0.0~predev: no script for predev, continuing
7 info lifecycle gatsby-starter-dimension@1.0.0~dev: gatsby-starter-dimension@1.0.0
8 verbose lifecycle gatsby-starter-dimension@1.0.0~dev: unsafe-perm in lifecycle true
9 verbose lifecycle gatsby-starter-dimension@1.0.0~dev: PATH: C:\Program Files\nodejs\node_modules\npm\bin\node-gyp-bin;C:\MyCode\LEARNING\GATSBY\thrive-leadership\node_modules\.bin;C:\Users\Soren Baird\bin;C:\Program Files\Git\mingw64\bin;C:\Program Files\Git\usr\local\bin;C:\Program Files\Git\usr\bin;C:\Program Files\Git\usr\bin;C:\Program Files\Git\mingw64\bin;C:\Program Files\Git\usr\bin;C:\Users\Soren Baird\bin;C:\Program Files (x86)\iis express\PHP\v7.1;C:\ProgramData\Oracle\Java\javapath;C:\Program Files (x86)\PHP\v5.6;C:\Ruby200-x64\bin;C:\Program Files (x86)\AMD APP\bin\x86_64;C:\Program Files (x86)\AMD APP\bin\x86;C:\Windows\system32;C:\Windows;C:\Windows\System32\Wbem;C:\Windows\System32\WindowsPowerShell\v1.0;C:\Program Files (x86)\ATI Technologies\ATI.ACE\Core-Static;C:\Program Files (x86)\Microsoft ASP.NET\ASP.NET Web Pages\v1.0;C:\Program Files (x86)\Windows Kits\8.0\Windows Performance Toolkit;C:\Program Files\Microsoft SQL Server\110\Tools\Binn;C:\xampp\php;C:\ProgramData\ComposerSetup\bin;C:\Program Files\doxygen\bin;C:\HashiCorp\Vagrant\bin;C:\Program Files\Microsoft\Web Platform Installer;C:\Python27;C:\WINDOWS\system32;C:\WINDOWS;C:\WINDOWS\System32\Wbem;C:\WINDOWS\System32\WindowsPowerShell\v1.0;C:\Users\Joey Bomber\AppData\Roaming\npm;C:\Program Files (x86)\Bitvise SSH Client;C:\Program Files\Microsoft SQL Server\Client SDK\ODBC\110\Tools\Binn;C:\Program Files (x86)\Microsoft SQL Server\120;C:\Program Files\nodejs;C:\WINDOWS\system32;C:\WINDOWS;C:\WINDOWS\System32\Wbem;C:\WINDOWS\System32\WindowsPowerShell\v1.0;C:\WINDOWS\System32\OpenSSH;C:\Program Files\dotnet;C:\Program Files\Microsoft SQL Server\130\Tools\Binn;C:\Program Files (x86)\Microsoft VS Code\bin;C:\Users\Soren Baird\AppData\Local\Microsoft\WindowsApps;C:\Program Files (x86)\Microsoft VS Code\bin;C:\Program Files\MySQL\MySQL Server 5.7\bin;C:\Program Files\Heroku\bin;C:\Users\Soren Baird\AppData\Roaming\Composer\vendor\drush\drush;C:\drupalconsole;C:\Users\Soren Baird\AppData\Local\.meteor;C:\Program Files\Genymobile\Genymotion\tools;C:\Users\Soren Baird\AppData\Local\Yarn\bin;C:\Users\Soren Baird\AppData\Roaming\npm;C:\Users\Soren Baird\Documents\flutter\bin;C:\Program Files\Git\usr\bin\vendor_perl;C:\Program Files\Git\usr\bin\core_perl
10 verbose lifecycle gatsby-starter-dimension@1.0.0~dev: CWD: C:\MyCode\LEARNING\GATSBY\thrive-leadership
11 silly lifecycle gatsby-starter-dimension@1.0.0~dev: Args: [ '/d /s /c',
11 silly lifecycle   'NODE_ENV=development concurrently "webpack-dev-server --content-base src/" "yarn run lambda-serve"' ]
12 silly lifecycle gatsby-starter-dimension@1.0.0~dev: Returned: code: 1  signal: null
13 info lifecycle gatsby-starter-dimension@1.0.0~dev: Failed to exec dev script
14 verbose stack Error: gatsby-starter-dimension@1.0.0 dev: `NODE_ENV=development concurrently "webpack-dev-server --content-base src/" "yarn run lambda-serve"`
14 verbose stack Exit status 1
14 verbose stack     at EventEmitter.<anonymous> (C:\Program Files\nodejs\node_modules\npm\lib\utils\lifecycle.js:255:16)
14 verbose stack     at emitTwo (events.js:106:13)
14 verbose stack     at EventEmitter.emit (events.js:191:7)
14 verbose stack     at ChildProcess.<anonymous> (C:\Program Files\nodejs\node_modules\npm\lib\utils\spawn.js:40:14)
14 verbose stack     at emitTwo (events.js:106:13)
14 verbose stack     at ChildProcess.emit (events.js:191:7)
14 verbose stack     at maybeClose (internal/child_process.js:877:16)
14 verbose stack     at Process.ChildProcess._handle.onexit (internal/child_process.js:226:5)
15 verbose pkgid gatsby-starter-dimension@1.0.0
16 verbose cwd C:\MyCode\LEARNING\GATSBY\thrive-leadership
17 error Windows_NT 10.0.17134
18 error argv "C:\\Program Files\\nodejs\\node.exe" "C:\\Program Files\\nodejs\\node_modules\\npm\\bin\\npm-cli.js" "run" "dev"
19 error node v6.8.1
20 error npm  v3.10.8
21 error code ELIFECYCLE
22 error gatsby-starter-dimension@1.0.0 dev: `NODE_ENV=development concurrently "webpack-dev-server --content-base src/" "yarn run lambda-serve"`
22 error Exit status 1
23 error Failed at the gatsby-starter-dimension@1.0.0 dev script 'NODE_ENV=development concurrently "webpack-dev-server --content-base src/" "yarn run lambda-serve"'.
23 error Make sure you have the latest version of node.js and npm installed.
23 error If you do, this is most likely a problem with the gatsby-starter-dimension package,
23 error not with npm itself.
23 error Tell the author that this fails on your system:
23 error     NODE_ENV=development concurrently "webpack-dev-server --content-base src/" "yarn run lambda-serve"
23 error You can get information on how to open an issue for this project with:
23 error     npm bugs gatsby-starter-dimension
23 error Or if that isn't available, you can get their info via:
23 error     npm owner ls gatsby-starter-dimension
23 error There is likely additional logging output above.
24 verbose exit [ 1, true ]
